<?xml version="1.0" encoding="UTF-8"?>
<testsuite xmlns:xsi="http://www.w3.org/2001/XMLSchema-instance" xsi:noNamespaceSchemaLocation="https://maven.apache.org/surefire/maven-surefire-plugin/xsd/surefire-test-report.xsd" version="3.0.1" name="com.ui.tests.testrunner.TestRunnerTesngNgUI" time="16.993" tests="1" errors="0" skipped="0" failures="0">
  <properties>
[...]
</properties>
  <testcase name="runScenario[&quot;Login With Valid Credentials&quot;, &quot;Login Functionality&quot;](1)" classname="com.ui.tests.testrunner.TestRunnerTesngNgUI" time="13.731">
    <system-out><![CDATA[
@login @validLoginTestData
Scenario Outline: Login With Valid Credentials                               &amp#27;[90m# src/test/resources/Features/Login.feature:23&amp#27;[0m
  &amp#27;[32mGiven &amp#27;[0m&amp#27;[32mUser navigates to the Application Login page&amp#27;[0m                         &amp#27;[90m# com.ui.tests.stepdefinition.LoginTestStepDefinition.user_navigates_to_the_application_login_page()&amp#27;[0m
  &amp#27;[32mAnd &amp#27;[0m&amp#27;[32mUser enters valid username &amp#27;[0m&amp#27;[32m&amp#27;[1mgawedo3803@lxheir.com&amp#27;[0m&amp#27;[32m and password &amp#27;[0m&amp#27;[32m&amp#27;[1mPassword&amp#27;[0m &amp#27;[90m# com.ui.tests.stepdefinition.LoginTestStepDefinition.user_enters_validusername_and_passsword(java.lang.String,java.lang.String)&amp#27;[0m
  &amp#27;[32mWhen &amp#27;[0m&amp#27;[32mUser click on submit button&amp#27;[0m                                           &amp#27;[90m# com.ui.tests.stepdefinition.LoginTestStepDefinition.user_click_on_submit_button()&amp#27;[0m
Logged in sucessfully with the user name Ajay Devgan
  &amp#27;[32mThen &amp#27;[0m&amp#27;[32mUser loged in sucessfully&amp#27;[0m                                             &amp#27;[90m# com.ui.tests.stepdefinition.LoginTestStepDefinition.user_loged_in_sucessfully()&amp#27;[0m
]]></system-out>
    <system-err><![CDATA[SLF4J(W): No SLF4J providers were found.
SLF4J(W): Defaulting to no-operation (NOP) logger implementation
SLF4J(W): See https://www.slf4j.org/codes.html#noProviders for further details.
]]></system-err>
  </testcase>
</testsuite>