<?xml version="1.0" encoding="UTF-8"?>
<testng-results ignored="0" total="1" passed="1" failed="0" skipped="0">
  <reporter-output>
  </reporter-output>
  <suite started-at="2025-05-08T11:06:16 IST" name="Surefire suite" finished-at="2025-05-08T11:06:32 IST" duration-ms="16402">
    <groups>
      <group name="cucumber">
        <method signature="AbstractTestNGCucumberTests.runScenario(io.cucumber.testng.PickleWrapper,io.cucumber.testng.FeatureWrapper)[pri:0, instance:com.ui.tests.testrunner.TestRunnerTesngNgUI@5c5eefef]" name="runScenario" class="io.cucumber.testng.AbstractTestNGCucumberTests"/>
      </group> <!-- cucumber -->
    </groups>
    <test started-at="2025-05-08T11:06:16 IST" name="Surefire test" finished-at="2025-05-08T11:06:32 IST" duration-ms="16402">
      <class name="com.ui.tests.testrunner.TestRunnerTesngNgUI">
        <test-method is-config="true" signature="setUpClass(org.testng.ITestContext)[pri:0, instance:com.ui.tests.testrunner.TestRunnerTesngNgUI@5c5eefef]" started-at="2025-05-08T11:06:16 IST" name="setUpClass" finished-at="2025-05-08T11:06:16 IST" duration-ms="462" status="PASS">
          <params>
            <param index="0">
              <value>
                <![CDATA[org.testng.TestRunner@7f9fc8bd]]>
              </value>
            </param>
          </params>
          <reporter-output>
          </reporter-output>
        </test-method> <!-- setUpClass -->
        <test-method is-config="true" signature="setReportConfiguration()[pri:0, instance:com.ui.tests.testrunner.TestRunnerTesngNgUI@5c5eefef]" started-at="2025-05-08T11:06:16 IST" name="setReportConfiguration" finished-at="2025-05-08T11:06:16 IST" duration-ms="0" status="PASS">
          <reporter-output>
          </reporter-output>
        </test-method> <!-- setReportConfiguration -->
        <test-method signature="runScenario(io.cucumber.testng.PickleWrapper,io.cucumber.testng.FeatureWrapper)[pri:0, instance:com.ui.tests.testrunner.TestRunnerTesngNgUI@5c5eefef]" started-at="2025-05-08T11:06:16 IST" name="runScenario" description="Runs Cucumber Scenarios" data-provider="scenarios" finished-at="2025-05-08T11:06:30 IST" duration-ms="13719" status="PASS">
          <params>
            <param index="0">
              <value>
                <![CDATA["Login With Valid Credentials"]]>
              </value>
            </param>
            <param index="1">
              <value>
                <![CDATA["Login Functionality"]]>
              </value>
            </param>
          </params>
          <reporter-output>
          </reporter-output>
        </test-method> <!-- runScenario -->
        <test-method is-config="true" signature="tearDownClass()[pri:0, instance:com.ui.tests.testrunner.TestRunnerTesngNgUI@5c5eefef]" started-at="2025-05-08T11:06:30 IST" name="tearDownClass" finished-at="2025-05-08T11:06:32 IST" duration-ms="2167" status="PASS">
          <reporter-output>
          </reporter-output>
        </test-method> <!-- tearDownClass -->
      </class> <!-- com.ui.tests.testrunner.TestRunnerTesngNgUI -->
    </test> <!-- Surefire test -->
  </suite> <!-- Surefire suite -->
</testng-results>
