<?xml version="1.0" encoding="UTF-8"?>
<testng-results ignored="0" total="1" passed="1" failed="0" skipped="0">
  <reporter-output>
  </reporter-output>
  <suite started-at="2025-05-08T11:04:45 IST" name="Default suite" finished-at="2025-05-08T11:05:03 IST" duration-ms="17485">
    <groups>
      <group name="cucumber">
        <method signature="AbstractTestNGCucumberTests.runScenario(io.cucumber.testng.PickleWrapper,io.cucumber.testng.FeatureWrapper)[pri:0, instance:com.ui.tests.testrunner.TestRunnerTesngNgUI@50caa560]" name="runScenario" class="io.cucumber.testng.AbstractTestNGCucumberTests"/>
      </group> <!-- cucumber -->
    </groups>
    <test started-at="2025-05-08T11:04:45 IST" name="Default test" finished-at="2025-05-08T11:05:03 IST" duration-ms="17485">
      <class name="com.ui.tests.testrunner.TestRunnerTesngNgUI">
        <test-method is-config="true" signature="setUpClass(org.testng.ITestContext)[pri:0, instance:com.ui.tests.testrunner.TestRunnerTesngNgUI@50caa560]" started-at="2025-05-08T11:04:45 IST" name="setUpClass" finished-at="2025-05-08T11:04:46 IST" duration-ms="617" status="PASS">
          <params>
            <param index="0">
              <value>
                <![CDATA[org.testng.TestRunner@7102ac3e]]>
              </value>
            </param>
          </params>
          <reporter-output>
          </reporter-output>
        </test-method> <!-- setUpClass -->
        <test-method is-config="true" signature="setReportConfiguration()[pri:0, instance:com.ui.tests.testrunner.TestRunnerTesngNgUI@50caa560]" started-at="2025-05-08T11:04:46 IST" name="setReportConfiguration" finished-at="2025-05-08T11:04:46 IST" duration-ms="1" status="PASS">
          <reporter-output>
          </reporter-output>
        </test-method> <!-- setReportConfiguration -->
        <test-method signature="runScenario(io.cucumber.testng.PickleWrapper,io.cucumber.testng.FeatureWrapper)[pri:0, instance:com.ui.tests.testrunner.TestRunnerTesngNgUI@50caa560]" started-at="2025-05-08T11:04:46 IST" name="runScenario" description="Runs Cucumber Scenarios" data-provider="scenarios" finished-at="2025-05-08T11:05:01 IST" duration-ms="15222" status="PASS">
          <params>
            <param index="0">
              <value>
                <![CDATA["Login With Valid Credentials"]]>
              </value>
            </param>
            <param index="1">
              <value>
                <![CDATA["Login Functionality"]]>
              </value>
            </param>
          </params>
          <reporter-output>
          </reporter-output>
        </test-method> <!-- runScenario -->
        <test-method is-config="true" signature="tearDownClass()[pri:0, instance:com.ui.tests.testrunner.TestRunnerTesngNgUI@50caa560]" started-at="2025-05-08T11:05:01 IST" name="tearDownClass" finished-at="2025-05-08T11:05:03 IST" duration-ms="1583" status="PASS">
          <reporter-output>
          </reporter-output>
        </test-method> <!-- tearDownClass -->
      </class> <!-- com.ui.tests.testrunner.TestRunnerTesngNgUI -->
    </test> <!-- Default test -->
  </suite> <!-- Default suite -->
</testng-results>
